a T2 O1 S160 N3 C234
+ T2 O1
a T9 O2 S224 N8 C201
+ T9 O2
a T4 O3 S192 N2 C139
+ T4 O3
a T1 O4 S360 N3 C158
+ T1 O4
a T0 O5 S384 N9 C131
+ T0 O5
r T1 P4 F16 S64 V0
s T1 O4 F32 S8 V1
a T1 O6 S232 N9 C57
+ T1 O6
a T2 O7 S224 N1 C166
+ T2 O7
w T2 P1 #1 O7 F144 S8 V0
- T2 O7
a T0 O8 S192 N10 C35
+ T0 O8
w T0 P5 #1 O8 F320 S8 V1
- T0 O8
a T9 O9 S144 N8 C42
+ T9 O9
w T9 P2 #2 O9 F176 S8 V0
- T9 O9
r T1 P4 F48 S8 V0
s T4 O3 F16 S8 V1
s T1 O6 F24 S8 V1
s T4 O3 F48 S32 V1
a T4 O10 S296 N10 C269
+ T4 O10
w T4 P3 #1 O10 F184 S8 V0
- T4 O10
r T4 P3 F32 S8 V1
r T9 P2 F32 S8 V1
- T4 O3
a T8 O11 S152 N1 C241
+ T8 O11
r T0 P5 F56 S8 V0
a T4 O12 S376 N9 C137
+ T4 O12
r T0 P5 F248 S64 V0
- T9 O2
r T1 P6 F224 S64 V0
a T9 O13 S256 N3 C251
+ T9 O13
r T1 P6 F32 S32 V0
r T2 P1 F48 S8 V0
r T2 P7 F16 S8 V0
r T2 P7 F120 S32 V1
r T9 P13 F296 S64 V0
a T9 O14 S128 N6 C222
+ T9 O14
a T4 O15 S200 N7 C202
+ T4 O15
a T1 O16 S320 N2 C127
+ T1 O16
w T1 P4 #0 O16 F336 S8 V0
- T1 O16
r T9 P14 F16 S32 V1
r T1 P4 F144 S64 V1
a T5 O17 S256 N7 C112
+ T5 O17
r T8 P11 F16 S64 V1
r T1 P6 F96 S64 V1
r T4 P12 F40 S8 V0
a T8 O18 S440 N9 C31
+ T8 O18
w T8 P11 #0 O18 F144 S8 V1
- T8 O18
r T8 P18 F112 S64 V1
r T2 O7 I0 S8 V1
r T1 O4 I0 S8 V0
r T4 P12 F16 S32 V0
r T8 P18 F16 S8 V0
r T2 O7 I0 S8 V1
r T4 O15 I6 S8 V0
a T7 O19 S152 N5 C229
+ T7 O19
r T0 P5 F40 S8 V0
a T5 O20 S112 N4 C192
+ T5 O20
w T5 P17 #3 O20 F224 S8 V0
- T5 O20
r T5 P17 F24 S8 V1
r T9 O14 I1 S8 V1
a T2 O21 S248 N5 C145
+ T2 O21
a T8 O22 S448 N6 C214
+ T8 O22
w T8 P18 #0 O22 F368 S8 V1
- T8 O22
a T5 O23 S96 N1 C173
+ T5 O23
w T5 P17 #5 O23 F240 S8 V1
- T5 O23
a T6 O24 S136 N7 C180
+ T6 O24
r T9 P14 F16 S32 V0
w T9 P14 #5 O13 F120 S8 V0
r T8 P11 F48 S32 V0
r T9 P13 F40 S8 V1
r T4 P12 F144 S32 V0
s T1 O6 F288 S64 V1
a T6 O25 S184 N9 C96
+ T6 O25
w T6 P24 #1 O25 F88 S8 V1
- T6 O25
r T2 P7 F88 S64 V0
a T6 O26 S200 N3 C72
+ T6 O26
w T6 P24 #4 O26 F112 S8 V0
- T6 O26
s T9 O13 F16 S8 V0
a T5 O27 S288 N10 C272
+ T5 O27
r T6 P24 F16 S8 V1
a T8 O28 S168 N8 C157
+ T8 O28
w T8 P22 #0 O28 F400 S8 V1
- T8 O28
r T5 P17 F40 S8 V1
r T8 O11 I0 S8 V0
- T5 O27
r T6 P24 F16 S64 V0
r T5 P20 F16 S8 V0
a T8 O29 S184 N4 C2
+ T8 O29
a T0 O30 S216 N5 C115
+ T0 O30
w T0 P5 #3 O30 F336 S8 V0
- T0 O30
r T2 P21 F16 S32 V1
a T6 O31 S176 N4 C131
+ T6 O31
w T6 P26 #0 O31 F176 S8 V1
- T6 O31
a T7 O32 S416 N6 C7
+ T7 O32
w T7 P19 #1 O32 F120 S8 V1
- T7 O32
a T4 O33 S240 N6 C92
+ T4 O33
a T2 O34 S168 N7 C43
+ T2 O34
r T4 O33 I2 S8 V1
r T4 P12 F40 S8 V0
a T0 O35 S152 N8 C249
+ T0 O35
w T0 P5 #0 O35 F312 S8 V0
- T0 O35
a T1 O36 S224 N8 C226
+ T1 O36
w T1 P4 #1 O36 F344 S8 V1
- T1 O36
r T4 P15 F80 S32 V1
r T8 P13 F40 S64 V1
a T1 O37 S264 N10 C129
+ T1 O37
w T1 P6 #8 O37 F224 S8 V0
- T1 O37
- T8 O29
r T6 P24 F16 S8 V0
r T2 P34 F24 S8 V1
r T5 P17 F264 S64 V0
